<?xml version="1.0" encoding="UTF-8"?>
<testng-results skipped="0" failed="0" ignored="0" total="1" passed="1">
  <reporter-output>
  </reporter-output>
  <suite name="Default suite" duration-ms="65116" started-at="2021-08-27T14:33:21Z" finished-at="2021-08-27T14:34:26Z">
    <groups>
    </groups>
    <test name="Default test" duration-ms="65116" started-at="2021-08-27T14:33:21Z" finished-at="2021-08-27T14:34:26Z">
      <class name="testCases.HomePageTest">
        <test-method status="PASS" signature="setUp()[pri:0, instance:testCases.HomePageTest@29774679]" name="setUp" is-config="true" duration-ms="36824" started-at="2021-08-27T20:03:21Z" finished-at="2021-08-27T20:03:57Z">
          <reporter-output>
          </reporter-output>
        </test-method> <!-- setUp -->
        <test-method status="PASS" signature="verifyHomePageTitleTest()[pri:1, instance:testCases.HomePageTest@29774679]" name="verifyHomePageTitleTest" duration-ms="25948" started-at="2021-08-27T20:03:57Z" finished-at="2021-08-27T20:04:23Z">
          <reporter-output>
          </reporter-output>
        </test-method> <!-- verifyHomePageTitleTest -->
        <test-method status="PASS" signature="tearDown()[pri:0, instance:testCases.HomePageTest@29774679]" name="tearDown" is-config="true" duration-ms="2311" started-at="2021-08-27T20:04:23Z" finished-at="2021-08-27T20:04:26Z">
          <reporter-output>
          </reporter-output>
        </test-method> <!-- tearDown -->
      </class> <!-- testCases.HomePageTest -->
    </test> <!-- Default test -->
  </suite> <!-- Default suite -->
</testng-results>
